<?xml version="1.0" encoding="UTF-8"?>
<testng-results skipped="2" failed="1" total="3" passed="0">
  <reporter-output>
  </reporter-output>
  <suite name="Default suite" duration-ms="3788" started-at="2018-06-21T06:47:36Z" finished-at="2018-06-21T06:47:39Z">
    <groups>
    </groups>
    <test name="Default test" duration-ms="3788" started-at="2018-06-21T06:47:36Z" finished-at="2018-06-21T06:47:39Z">
      <class name="com.qait.automation.HrisPageObject.HrisPageobjectautomation">
        <test-method status="PASS" signature="launchBrowser()[pri:0, instance:com.qait.automation.HrisPageObject.HrisPageobjectautomation@18be83e4]" name="launchBrowser" is-config="true" duration-ms="2772" started-at="2018-06-21T12:17:36Z" finished-at="2018-06-21T12:17:38Z">
          <reporter-output>
          </reporter-output>
        </test-method> <!-- launchBrowser -->
        <test-method status="FAIL" signature="attemptLoginWithIncorrectPasswordShouldRenderErrorMessage()[pri:0, instance:com.qait.automation.HrisPageObject.HrisPageobjectautomation@18be83e4]" name="attemptLoginWithIncorrectPasswordShouldRenderErrorMessage" duration-ms="989" started-at="2018-06-21T12:17:38Z" finished-at="2018-06-21T12:17:39Z">
          <exception class="junit.framework.AssertionFailedError">
            <full-stacktrace>
              <![CDATA[junit.framework.AssertionFailedError
	at junit.framework.Assert.fail(Assert.java:47)
	at junit.framework.Assert.assertTrue(Assert.java:20)
	at junit.framework.Assert.assertTrue(Assert.java:27)
	at com.qait.automation.HrisPageObject.HrisPageobjectautomation.attemptLoginWithIncorrectPasswordShouldRenderErrorMessage(HrisPageobjectautomation.java:29)
	at sun.reflect.NativeMethodAccessorImpl.invoke0(Native Method)
	at sun.reflect.NativeMethodAccessorImpl.invoke(NativeMethodAccessorImpl.java:62)
	at sun.reflect.DelegatingMethodAccessorImpl.invoke(DelegatingMethodAccessorImpl.java:43)
	at java.lang.reflect.Method.invoke(Method.java:498)
	at org.testng.internal.MethodInvocationHelper.invokeMethod(MethodInvocationHelper.java:84)
	at org.testng.internal.Invoker.invokeMethod(Invoker.java:714)
	at org.testng.internal.Invoker.invokeTestMethod(Invoker.java:901)
	at org.testng.internal.Invoker.invokeTestMethods(Invoker.java:1231)
	at org.testng.internal.TestMethodWorker.invokeTestMethods(TestMethodWorker.java:127)
	at org.testng.internal.TestMethodWorker.run(TestMethodWorker.java:111)
	at org.testng.TestRunner.privateRun(TestRunner.java:767)
	at org.testng.TestRunner.run(TestRunner.java:617)
	at org.testng.SuiteRunner.runTest(SuiteRunner.java:334)
	at org.testng.SuiteRunner.runSequentially(SuiteRunner.java:329)
	at org.testng.SuiteRunner.privateRun(SuiteRunner.java:291)
	at org.testng.SuiteRunner.run(SuiteRunner.java:240)
	at org.testng.SuiteRunnerWorker.runSuite(SuiteRunnerWorker.java:52)
	at org.testng.SuiteRunnerWorker.run(SuiteRunnerWorker.java:86)
	at org.testng.TestNG.runSuitesSequentially(TestNG.java:1224)
	at org.testng.TestNG.runSuitesLocally(TestNG.java:1149)
	at org.testng.TestNG.run(TestNG.java:1057)
	at org.testng.remote.AbstractRemoteTestNG.run(AbstractRemoteTestNG.java:114)
	at org.testng.remote.RemoteTestNG.initAndRun(RemoteTestNG.java:251)
	at org.testng.remote.RemoteTestNG.main(RemoteTestNG.java:77)
]]>
            </full-stacktrace>
          </exception> <!-- junit.framework.AssertionFailedError -->
          <reporter-output>
          </reporter-output>
        </test-method> <!-- attemptLoginWithIncorrectPasswordShouldRenderErrorMessage -->
        <test-method status="SKIP" signature="attemptLoginWithNoPasswordShouldAnnotateBlackPasswordField()[pri:0, instance:com.qait.automation.HrisPageObject.HrisPageobjectautomation@18be83e4]" name="attemptLoginWithNoPasswordShouldAnnotateBlackPasswordField" duration-ms="1" started-at="2018-06-21T12:17:39Z" depends-on-methods="com.qait.automation.HrisPageObject.HrisPageobjectautomation.attemptLoginWithIncorrectPasswordShouldRenderErrorMessage" finished-at="2018-06-21T12:17:39Z">
          <reporter-output>
          </reporter-output>
        </test-method> <!-- attemptLoginWithNoPasswordShouldAnnotateBlackPasswordField -->
        <test-method status="SKIP" signature="attemptLoginWithCorrectCredentials()[pri:0, instance:com.qait.automation.HrisPageObject.HrisPageobjectautomation@18be83e4]" name="attemptLoginWithCorrectCredentials" duration-ms="0" started-at="2018-06-21T12:17:39Z" depends-on-methods="com.qait.automation.HrisPageObject.HrisPageobjectautomation.attemptLoginWithNoPasswordShouldAnnotateBlackPasswordField" finished-at="2018-06-21T12:17:39Z">
          <reporter-output>
          </reporter-output>
        </test-method> <!-- attemptLoginWithCorrectCredentials -->
        <test-method status="PASS" signature="closeBrowser()[pri:0, instance:com.qait.automation.HrisPageObject.HrisPageobjectautomation@18be83e4]" name="closeBrowser" is-config="true" duration-ms="0" started-at="2018-06-21T12:17:39Z" finished-at="2018-06-21T12:17:39Z">
          <reporter-output>
          </reporter-output>
        </test-method> <!-- closeBrowser -->
      </class> <!-- com.qait.automation.HrisPageObject.HrisPageobjectautomation -->
    </test> <!-- Default test -->
  </suite> <!-- Default suite -->
</testng-results>
